# No optimization

maxcut value: 26                                     
maximum energy donor: 24.17872553119839              
apx ratio of donor: 0.9299509819691688               
                                                     
maximizing parameters                                
gamma: 0.41887902047863906, beta: 0.5235987755982988 
                                                     
apx ratio acceptors:                                 
0.8989924829888574                                   
0.8844016019264571                                   
0.9003550374931257                                   
0.9395078347514224                                   
0.8826317995299259                                   

maxcut value: 26
maximum energy donor: 24.17872553119839
apx ratio of donor: 0.9299509819691688


# Optimization

maximizing parameters
gamma: 0.41887902047863906, beta: 0.5235987755982988

     fun: -24.190776563622702
   maxcv: 0.0
 message: 'Optimization terminated successfully.'
    nfev: 35
  status: 1
 success: True
       x: array([0.43429376, 0.48960069])
optimized apx ratio: 0.9304144832162577

apx ratio acceptors:
0.8996134612208153
0.8848537185796566
0.9009521870830803
0.9397853212079039
0.8828925511139626
